Starting enum4linux v0.8.9 ( http://labs.portcullis.co.uk/application/enum4linux/ ) on Fri Aug 20 13:33:16 2021

 ========================== 
|    Target Information    |
 ========================== 
Target ........... 10.10.252.205
RID Range ........ 500-550,1000-1050
Username ......... ''
Password ......... ''
Known Usernames .. administrator, guest, krbtgt, domain admins, root, bin, none


 ===================================================== 
|    Enumerating Workgroup/Domain on 10.10.252.205    |
 ===================================================== 
[E] Can't find workgroup/domain


 ============================================= 
|    Nbtstat Information for 10.10.252.205    |
 ============================================= 
Looking up status of 10.10.252.205
No reply from 10.10.252.205

 ====================================== 
|    Session Check on 10.10.252.205    |
 ====================================== 
[+] Server 10.10.252.205 allows sessions using username '', password ''
[+] Got domain/workgroup name: 

 ============================================ 
|    Getting domain SID for 10.10.252.205    |
 ============================================ 
Domain Name: THM-AD
Domain Sid: S-1-5-21-3591857110-2884097990-301047963
[+] Host is part of a domain (not a workgroup)

 ======================================= 
|    OS information on 10.10.252.205    |
 ======================================= 
[+] Got OS info for 10.10.252.205 from smbclient: 
[+] Got OS info for 10.10.252.205 from srvinfo:
Could not initialise srvsvc. Error was NT_STATUS_ACCESS_DENIED

 ============================== 
|    Users on 10.10.252.205    |
 ============================== 
[E] Couldn't find users using querydispinfo: NT_STATUS_ACCESS_DENIED

[E] Couldn't find users using enumdomusers: NT_STATUS_ACCESS_DENIED

 ========================================== 
|    Share Enumeration on 10.10.252.205    |
 ========================================== 
do_connect: Connection to 10.10.252.205 failed (Error NT_STATUS_RESOURCE_NAME_NOT_FOUND)

	Sharename       Type      Comment
	---------       ----      -------
Reconnecting with SMB1 for workgroup listing.
Unable to connect with SMB1 -- no workgroup available

[+] Attempting to map shares on 10.10.252.205

 ===================================================== 
|    Password Policy Information for 10.10.252.205    |
 ===================================================== 
[E] Unexpected error from polenum:


[+] Attaching to 10.10.252.205 using a NULL share

[+] Trying protocol 139/SMB...

	[!] Protocol failed: Cannot request session (Called Name:10.10.252.205)

[+] Trying protocol 445/SMB...

	[!] Protocol failed: SAMR SessionError: code: 0xc0000022 - STATUS_ACCESS_DENIED - {Access Denied} A process has requested access to an object but has not been granted those access rights.


[E] Failed to get password policy with rpcclient


 =============================== 
|    Groups on 10.10.252.205    |
 =============================== 

[+] Getting builtin groups:

[+] Getting builtin group memberships:

[+] Getting local groups:

[+] Getting local group memberships:

[+] Getting domain groups:

[+] Getting domain group memberships:

 ======================================================================== 
|    Users on 10.10.252.205 via RID cycling (RIDS: 500-550,1000-1050)    |
 ======================================================================== 
[I] Found new SID: S-1-5-21-3591857110-2884097990-301047963
[I] Found new SID: S-1-5-21-3532885019-1334016158-1514108833
[+] Enumerating users using SID S-1-5-21-3532885019-1334016158-1514108833 and logon username '', password ''
S-1-5-21-3532885019-1334016158-1514108833-500 ATTACKTIVEDIREC\Administrator (Local User)
S-1-5-21-3532885019-1334016158-1514108833-501 ATTACKTIVEDIREC\Guest (Local User)
S-1-5-21-3532885019-1334016158-1514108833-502 *unknown*\*unknown* (8)
S-1-5-21-3532885019-1334016158-1514108833-503 ATTACKTIVEDIREC\DefaultAccount (Local User)
S-1-5-21-3532885019-1334016158-1514108833-504 ATTACKTIVEDIREC\WDAGUtilityAccount (Local User)
S-1-5-21-3532885019-1334016158-1514108833-505 *unknown*\*unknown* (8)
S-1-5-21-3532885019-1334016158-1514108833-506 *unknown*\*unknown* (8)
S-1-5-21-3532885019-1334016158-1514108833-507 *unknown*\*unknown* (8)
S-1-5-21-3532885019-1334016158-1514108833-508 *unknown*\*unknown* (8)
S-1-5-21-3532885019-1334016158-1514108833-509 *unknown*\*unknown* (8)
S-1-5-21-3532885019-1334016158-1514108833-510 *unknown*\*unknown* (8)
S-1-5-21-3532885019-1334016158-1514108833-511 *unknown*\*unknown* (8)
S-1-5-21-3532885019-1334016158-1514108833-512 *unknown*\*unknown* (8)
S-1-5-21-3532885019-1334016158-1514108833-513 ATTACKTIVEDIREC\None (Domain Group)
S-1-5-21-3532885019-1334016158-1514108833-514 *unknown*\*unknown* (8)
S-1-5-21-3532885019-1334016158-1514108833-515 *unknown*\*unknown* (8)
S-1-5-21-3532885019-1334016158-1514108833-516 *unknown*\*unknown* (8)
S-1-5-21-3532885019-1334016158-1514108833-517 *unknown*\*unknown* (8)
S-1-5-21-3532885019-1334016158-1514108833-518 *unknown*\*unknown* (8)
S-1-5-21-3532885019-1334016158-1514108833-519 *unknown*\*unknown* (8)
S-1-5-21-3532885019-1334016158-1514108833-520 *unknown*\*unknown* (8)
S-1-5-21-3532885019-1334016158-1514108833-521 *unknown*\*unknown* (8)
S-1-5-21-3532885019-1334016158-1514108833-522 *unknown*\*unknown* (8)
S-1-5-21-3532885019-1334016158-1514108833-523 *unknown*\*unknown* (8)
S-1-5-21-3532885019-1334016158-1514108833-524 *unknown*\*unknown* (8)
S-1-5-21-3532885019-1334016158-1514108833-525 *unknown*\*unknown* (8)
S-1-5-21-3532885019-1334016158-1514108833-526 *unknown*\*unknown* (8)
S-1-5-21-3532885019-1334016158-1514108833-527 *unknown*\*unknown* (8)
S-1-5-21-3532885019-1334016158-1514108833-528 *unknown*\*unknown* (8)
S-1-5-21-3532885019-1334016158-1514108833-529 *unknown*\*unknown* (8)
S-1-5-21-3532885019-1334016158-1514108833-530 *unknown*\*unknown* (8)
S-1-5-21-3532885019-1334016158-1514108833-531 *unknown*\*unknown* (8)
S-1-5-21-3532885019-1334016158-1514108833-532 *unknown*\*unknown* (8)
S-1-5-21-3532885019-1334016158-1514108833-533 *unknown*\*unknown* (8)
S-1-5-21-3532885019-1334016158-1514108833-534 *unknown*\*unknown* (8)
S-1-5-21-3532885019-1334016158-1514108833-535 *unknown*\*unknown* (8)
S-1-5-21-3532885019-1334016158-1514108833-536 *unknown*\*unknown* (8)
S-1-5-21-3532885019-1334016158-1514108833-537 *unknown*\*unknown* (8)
S-1-5-21-3532885019-1334016158-1514108833-538 *unknown*\*unknown* (8)
S-1-5-21-3532885019-1334016158-1514108833-539 *unknown*\*unknown* (8)
S-1-5-21-3532885019-1334016158-1514108833-540 *unknown*\*unknown* (8)
S-1-5-21-3532885019-1334016158-1514108833-541 *unknown*\*unknown* (8)
S-1-5-21-3532885019-1334016158-1514108833-542 *unknown*\*unknown* (8)
S-1-5-21-3532885019-1334016158-1514108833-543 *unknown*\*unknown* (8)
S-1-5-21-3532885019-1334016158-1514108833-544 *unknown*\*unknown* (8)
S-1-5-21-3532885019-1334016158-1514108833-545 *unknown*\*unknown* (8)
S-1-5-21-3532885019-1334016158-1514108833-546 *unknown*\*unknown* (8)
S-1-5-21-3532885019-1334016158-1514108833-547 *unknown*\*unknown* (8)
S-1-5-21-3532885019-1334016158-1514108833-548 *unknown*\*unknown* (8)
S-1-5-21-3532885019-1334016158-1514108833-549 *unknown*\*unknown* (8)
S-1-5-21-3532885019-1334016158-1514108833-550 *unknown*\*unknown* (8)
S-1-5-21-3532885019-1334016158-1514108833-1000 *unknown*\*unknown* (8)
S-1-5-21-3532885019-1334016158-1514108833-1001 *unknown*\*unknown* (8)
S-1-5-21-3532885019-1334016158-1514108833-1002 *unknown*\*unknown* (8)
S-1-5-21-3532885019-1334016158-1514108833-1003 *unknown*\*unknown* (8)
S-1-5-21-3532885019-1334016158-1514108833-1004 *unknown*\*unknown* (8)
S-1-5-21-3532885019-1334016158-1514108833-1005 *unknown*\*unknown* (8)
S-1-5-21-3532885019-1334016158-1514108833-1006 *unknown*\*unknown* (8)
S-1-5-21-3532885019-1334016158-1514108833-1007 *unknown*\*unknown* (8)
S-1-5-21-3532885019-1334016158-1514108833-1008 *unknown*\*unknown* (8)
S-1-5-21-3532885019-1334016158-1514108833-1009 *unknown*\*unknown* (8)
S-1-5-21-3532885019-1334016158-1514108833-1010 *unknown*\*unknown* (8)
S-1-5-21-3532885019-1334016158-1514108833-1011 *unknown*\*unknown* (8)
S-1-5-21-3532885019-1334016158-1514108833-1012 *unknown*\*unknown* (8)
S-1-5-21-3532885019-1334016158-1514108833-1013 *unknown*\*unknown* (8)
S-1-5-21-3532885019-1334016158-1514108833-1014 *unknown*\*unknown* (8)
S-1-5-21-3532885019-1334016158-1514108833-1015 *unknown*\*unknown* (8)
S-1-5-21-3532885019-1334016158-1514108833-1016 *unknown*\*unknown* (8)
S-1-5-21-3532885019-1334016158-1514108833-1017 *unknown*\*unknown* (8)
S-1-5-21-3532885019-1334016158-1514108833-1018 *unknown*\*unknown* (8)
S-1-5-21-3532885019-1334016158-1514108833-1019 *unknown*\*unknown* (8)
S-1-5-21-3532885019-1334016158-1514108833-1020 *unknown*\*unknown* (8)
S-1-5-21-3532885019-1334016158-1514108833-1021 *unknown*\*unknown* (8)
S-1-5-21-3532885019-1334016158-1514108833-1022 *unknown*\*unknown* (8)
S-1-5-21-3532885019-1334016158-1514108833-1023 *unknown*\*unknown* (8)
S-1-5-21-3532885019-1334016158-1514108833-1024 *unknown*\*unknown* (8)
S-1-5-21-3532885019-1334016158-1514108833-1025 *unknown*\*unknown* (8)
S-1-5-21-3532885019-1334016158-1514108833-1026 *unknown*\*unknown* (8)
S-1-5-21-3532885019-1334016158-1514108833-1027 *unknown*\*unknown* (8)
S-1-5-21-3532885019-1334016158-1514108833-1028 *unknown*\*unknown* (8)
S-1-5-21-3532885019-1334016158-1514108833-1029 *unknown*\*unknown* (8)
S-1-5-21-3532885019-1334016158-1514108833-1030 *unknown*\*unknown* (8)
S-1-5-21-3532885019-1334016158-1514108833-1031 *unknown*\*unknown* (8)
S-1-5-21-3532885019-1334016158-1514108833-1032 *unknown*\*unknown* (8)
S-1-5-21-3532885019-1334016158-1514108833-1033 *unknown*\*unknown* (8)
S-1-5-21-3532885019-1334016158-1514108833-1034 *unknown*\*unknown* (8)
S-1-5-21-3532885019-1334016158-1514108833-1035 *unknown*\*unknown* (8)
S-1-5-21-3532885019-1334016158-1514108833-1036 *unknown*\*unknown* (8)
S-1-5-21-3532885019-1334016158-1514108833-1037 *unknown*\*unknown* (8)
S-1-5-21-3532885019-1334016158-1514108833-1038 *unknown*\*unknown* (8)
S-1-5-21-3532885019-1334016158-1514108833-1039 *unknown*\*unknown* (8)
S-1-5-21-3532885019-1334016158-1514108833-1040 *unknown*\*unknown* (8)
S-1-5-21-3532885019-1334016158-1514108833-1041 *unknown*\*unknown* (8)
S-1-5-21-3532885019-1334016158-1514108833-1042 *unknown*\*unknown* (8)
S-1-5-21-3532885019-1334016158-1514108833-1043 *unknown*\*unknown* (8)
S-1-5-21-3532885019-1334016158-1514108833-1044 *unknown*\*unknown* (8)
S-1-5-21-3532885019-1334016158-1514108833-1045 *unknown*\*unknown* (8)
S-1-5-21-3532885019-1334016158-1514108833-1046 *unknown*\*unknown* (8)
S-1-5-21-3532885019-1334016158-1514108833-1047 *unknown*\*unknown* (8)
S-1-5-21-3532885019-1334016158-1514108833-1048 *unknown*\*unknown* (8)
S-1-5-21-3532885019-1334016158-1514108833-1049 *unknown*\*unknown* (8)
S-1-5-21-3532885019-1334016158-1514108833-1050 *unknown*\*unknown* (8)
[+] Enumerating users using SID S-1-5-21-3591857110-2884097990-301047963 and logon username '', password ''
S-1-5-21-3591857110-2884097990-301047963-500 THM-AD\Administrator (Local User)
S-1-5-21-3591857110-2884097990-301047963-501 THM-AD\Guest (Local User)
S-1-5-21-3591857110-2884097990-301047963-502 THM-AD\krbtgt (Local User)
S-1-5-21-3591857110-2884097990-301047963-503 *unknown*\*unknown* (8)
S-1-5-21-3591857110-2884097990-301047963-504 *unknown*\*unknown* (8)
S-1-5-21-3591857110-2884097990-301047963-505 *unknown*\*unknown* (8)
S-1-5-21-3591857110-2884097990-301047963-506 *unknown*\*unknown* (8)
S-1-5-21-3591857110-2884097990-301047963-507 *unknown*\*unknown* (8)
S-1-5-21-3591857110-2884097990-301047963-508 *unknown*\*unknown* (8)
S-1-5-21-3591857110-2884097990-301047963-509 *unknown*\*unknown* (8)
S-1-5-21-3591857110-2884097990-301047963-510 *unknown*\*unknown* (8)
S-1-5-21-3591857110-2884097990-301047963-511 *unknown*\*unknown* (8)
S-1-5-21-3591857110-2884097990-301047963-512 THM-AD\Domain Admins (Domain Group)
S-1-5-21-3591857110-2884097990-301047963-513 THM-AD\Domain Users (Domain Group)
S-1-5-21-3591857110-2884097990-301047963-514 THM-AD\Domain Guests (Domain Group)
S-1-5-21-3591857110-2884097990-301047963-515 THM-AD\Domain Computers (Domain Group)
S-1-5-21-3591857110-2884097990-301047963-516 THM-AD\Domain Controllers (Domain Group)
S-1-5-21-3591857110-2884097990-301047963-517 THM-AD\Cert Publishers (Local Group)
S-1-5-21-3591857110-2884097990-301047963-518 THM-AD\Schema Admins (Domain Group)
S-1-5-21-3591857110-2884097990-301047963-519 THM-AD\Enterprise Admins (Domain Group)
S-1-5-21-3591857110-2884097990-301047963-520 THM-AD\Group Policy Creator Owners (Domain Group)
S-1-5-21-3591857110-2884097990-301047963-521 THM-AD\Read-only Domain Controllers (Domain Group)
S-1-5-21-3591857110-2884097990-301047963-522 THM-AD\Cloneable Domain Controllers (Domain Group)
S-1-5-21-3591857110-2884097990-301047963-523 *unknown*\*unknown* (8)
S-1-5-21-3591857110-2884097990-301047963-524 *unknown*\*unknown* (8)
S-1-5-21-3591857110-2884097990-301047963-525 THM-AD\Protected Users (Domain Group)
S-1-5-21-3591857110-2884097990-301047963-526 THM-AD\Key Admins (Domain Group)
S-1-5-21-3591857110-2884097990-301047963-527 THM-AD\Enterprise Key Admins (Domain Group)
S-1-5-21-3591857110-2884097990-301047963-528 *unknown*\*unknown* (8)
S-1-5-21-3591857110-2884097990-301047963-529 *unknown*\*unknown* (8)
S-1-5-21-3591857110-2884097990-301047963-530 *unknown*\*unknown* (8)
S-1-5-21-3591857110-2884097990-301047963-531 *unknown*\*unknown* (8)
S-1-5-21-3591857110-2884097990-301047963-532 *unknown*\*unknown* (8)
S-1-5-21-3591857110-2884097990-301047963-533 *unknown*\*unknown* (8)
S-1-5-21-3591857110-2884097990-301047963-534 *unknown*\*unknown* (8)
S-1-5-21-3591857110-2884097990-301047963-535 *unknown*\*unknown* (8)
S-1-5-21-3591857110-2884097990-301047963-536 *unknown*\*unknown* (8)
S-1-5-21-3591857110-2884097990-301047963-537 *unknown*\*unknown* (8)
S-1-5-21-3591857110-2884097990-301047963-538 *unknown*\*unknown* (8)
S-1-5-21-3591857110-2884097990-301047963-539 *unknown*\*unknown* (8)
S-1-5-21-3591857110-2884097990-301047963-540 *unknown*\*unknown* (8)
S-1-5-21-3591857110-2884097990-301047963-541 *unknown*\*unknown* (8)
S-1-5-21-3591857110-2884097990-301047963-542 *unknown*\*unknown* (8)
S-1-5-21-3591857110-2884097990-301047963-543 *unknown*\*unknown* (8)
S-1-5-21-3591857110-2884097990-301047963-544 *unknown*\*unknown* (8)
S-1-5-21-3591857110-2884097990-301047963-545 *unknown*\*unknown* (8)
S-1-5-21-3591857110-2884097990-301047963-546 *unknown*\*unknown* (8)
S-1-5-21-3591857110-2884097990-301047963-547 *unknown*\*unknown* (8)
S-1-5-21-3591857110-2884097990-301047963-548 *unknown*\*unknown* (8)
S-1-5-21-3591857110-2884097990-301047963-549 *unknown*\*unknown* (8)
S-1-5-21-3591857110-2884097990-301047963-550 *unknown*\*unknown* (8)
S-1-5-21-3591857110-2884097990-301047963-1000 THM-AD\ATTACKTIVEDIREC$ (Local User)
S-1-5-21-3591857110-2884097990-301047963-1001 *unknown*\*unknown* (8)
S-1-5-21-3591857110-2884097990-301047963-1002 *unknown*\*unknown* (8)
S-1-5-21-3591857110-2884097990-301047963-1003 *unknown*\*unknown* (8)
S-1-5-21-3591857110-2884097990-301047963-1004 *unknown*\*unknown* (8)
S-1-5-21-3591857110-2884097990-301047963-1005 *unknown*\*unknown* (8)
S-1-5-21-3591857110-2884097990-301047963-1006 *unknown*\*unknown* (8)
S-1-5-21-3591857110-2884097990-301047963-1007 *unknown*\*unknown* (8)
S-1-5-21-3591857110-2884097990-301047963-1008 *unknown*\*unknown* (8)
S-1-5-21-3591857110-2884097990-301047963-1009 *unknown*\*unknown* (8)
S-1-5-21-3591857110-2884097990-301047963-1010 *unknown*\*unknown* (8)
S-1-5-21-3591857110-2884097990-301047963-1011 *unknown*\*unknown* (8)
S-1-5-21-3591857110-2884097990-301047963-1012 *unknown*\*unknown* (8)
S-1-5-21-3591857110-2884097990-301047963-1013 *unknown*\*unknown* (8)
S-1-5-21-3591857110-2884097990-301047963-1014 *unknown*\*unknown* (8)
S-1-5-21-3591857110-2884097990-301047963-1015 *unknown*\*unknown* (8)
S-1-5-21-3591857110-2884097990-301047963-1016 *unknown*\*unknown* (8)
S-1-5-21-3591857110-2884097990-301047963-1017 *unknown*\*unknown* (8)
S-1-5-21-3591857110-2884097990-301047963-1018 *unknown*\*unknown* (8)
S-1-5-21-3591857110-2884097990-301047963-1019 *unknown*\*unknown* (8)
S-1-5-21-3591857110-2884097990-301047963-1020 *unknown*\*unknown* (8)
S-1-5-21-3591857110-2884097990-301047963-1021 *unknown*\*unknown* (8)
S-1-5-21-3591857110-2884097990-301047963-1022 *unknown*\*unknown* (8)
S-1-5-21-3591857110-2884097990-301047963-1023 *unknown*\*unknown* (8)
S-1-5-21-3591857110-2884097990-301047963-1024 *unknown*\*unknown* (8)
S-1-5-21-3591857110-2884097990-301047963-1025 *unknown*\*unknown* (8)
S-1-5-21-3591857110-2884097990-301047963-1026 *unknown*\*unknown* (8)
S-1-5-21-3591857110-2884097990-301047963-1027 *unknown*\*unknown* (8)
S-1-5-21-3591857110-2884097990-301047963-1028 *unknown*\*unknown* (8)
S-1-5-21-3591857110-2884097990-301047963-1029 *unknown*\*unknown* (8)
S-1-5-21-3591857110-2884097990-301047963-1030 *unknown*\*unknown* (8)
S-1-5-21-3591857110-2884097990-301047963-1031 *unknown*\*unknown* (8)
S-1-5-21-3591857110-2884097990-301047963-1032 *unknown*\*unknown* (8)
S-1-5-21-3591857110-2884097990-301047963-1033 *unknown*\*unknown* (8)
S-1-5-21-3591857110-2884097990-301047963-1034 *unknown*\*unknown* (8)
S-1-5-21-3591857110-2884097990-301047963-1035 *unknown*\*unknown* (8)
S-1-5-21-3591857110-2884097990-301047963-1036 *unknown*\*unknown* (8)
S-1-5-21-3591857110-2884097990-301047963-1037 *unknown*\*unknown* (8)
S-1-5-21-3591857110-2884097990-301047963-1038 *unknown*\*unknown* (8)
S-1-5-21-3591857110-2884097990-301047963-1039 *unknown*\*unknown* (8)
S-1-5-21-3591857110-2884097990-301047963-1040 *unknown*\*unknown* (8)
S-1-5-21-3591857110-2884097990-301047963-1041 *unknown*\*unknown* (8)
S-1-5-21-3591857110-2884097990-301047963-1042 *unknown*\*unknown* (8)
S-1-5-21-3591857110-2884097990-301047963-1043 *unknown*\*unknown* (8)
S-1-5-21-3591857110-2884097990-301047963-1044 *unknown*\*unknown* (8)
S-1-5-21-3591857110-2884097990-301047963-1045 *unknown*\*unknown* (8)
S-1-5-21-3591857110-2884097990-301047963-1046 *unknown*\*unknown* (8)
S-1-5-21-3591857110-2884097990-301047963-1047 *unknown*\*unknown* (8)
S-1-5-21-3591857110-2884097990-301047963-1048 *unknown*\*unknown* (8)
S-1-5-21-3591857110-2884097990-301047963-1049 *unknown*\*unknown* (8)
S-1-5-21-3591857110-2884097990-301047963-1050 *unknown*\*unknown* (8)

 ============================================== 
|    Getting printer info for 10.10.252.205    |
 ============================================== 
Could not initialise spoolss. Error was NT_STATUS_ACCESS_DENIED


enum4linux complete on Fri Aug 20 13:40:53 2021

