   Domain Name: REPUBLICOFKOFFEE.COM
   Registry Domain ID: 2582024072_DOMAIN_COM-VRSN
   Registrar WHOIS Server: whois.namecheap.com
   Registrar URL: http://www.namecheap.com
   Updated Date: 2021-01-01T17:33:10Z
   Creation Date: 2021-01-01T17:33:07Z
   Registry Expiry Date: 2022-01-01T17:33:07Z
   Registrar: NameCheap, Inc.
   Registrar IANA ID: 1068
   Registrar Abuse Contact Email: abuse@namecheap.com
   Registrar Abuse Contact Phone: +1.6613102107
   Domain Status: clientTransferProhibited https://icann.org/epp#clientTransferProhibited
   Name Server: DNS1.REGISTRAR-SERVERS.COM
   Name Server: DNS2.REGISTRAR-SERVERS.COM
   DNSSEC: unsigned
   URL of the ICANN Whois Inaccuracy Complaint Form: https://www.icann.org/wicf/
>>> Last update of whois database: 2021-08-27T19:19:22Z <<<

For more information on Whois status codes, please visit https://icann.org/epp

NOTICE: The expiration date displayed in this record is the date the
registrar's sponsorship of the domain name registration in the registry is
currently set to expire. This date does not necessarily reflect the expiration
date of the domain name registrant's agreement with the sponsoring
registrar.  Users may consult the sponsoring registrar's Whois database to
view the registrar's reported date of expiration for this registration.

TERMS OF USE: You are not authorized to access or query our Whois
database through the use of electronic processes that are high-volume and
automated except as reasonably necessary to register domain names or
modify existing registrations; the Data in VeriSign Global Registry
Services' ("VeriSign") Whois database is provided by VeriSign for
information purposes only, and to assist persons in obtaining information
about or related to a domain name registration record. VeriSign does not
guarantee its accuracy. By submitting a Whois query, you agree to abide
by the following terms of use: You agree that you may use this Data only
for lawful purposes and that under no circumstances will you use this Data
to: (1) allow, enable, or otherwise support the transmission of mass
unsolicited, commercial advertising or solicitations via e-mail, telephone,
or facsimile; or (2) enable high volume, automated, electronic processes
that apply to VeriSign (or its computer systems). The compilation,
repackaging, dissemination or other use of this Data is expressly
prohibited without the prior written consent of VeriSign. You agree not to
use electronic processes that are automated and high-volume to access or
query the Whois database except as reasonably necessary to register
domain names or modify existing registrations. VeriSign reserves the right
to restrict your access to the Whois database in its sole discretion to ensure
operational stability.  VeriSign may restrict or terminate your access to the
Whois database for failure to abide by these terms of use. VeriSign
reserves the right to modify these terms at any time.

The Registry database contains ONLY .COM, .NET, .EDU domains and
Registrars.
Domain name: republicofkoffee.com
Registry Domain ID: 2582024072_DOMAIN_COM-VRSN
Registrar WHOIS Server: whois.namecheap.com
Registrar URL: http://www.namecheap.com
Updated Date: 0001-01-01T00:00:00.00Z
Creation Date: 2021-01-01T17:33:07.00Z
Registrar Registration Expiration Date: 2022-01-01T17:33:07.00Z
Registrar: NAMECHEAP INC
Registrar IANA ID: 1068
Registrar Abuse Contact Email: abuse@namecheap.com
Registrar Abuse Contact Phone: +1.6613102107
Reseller: NAMECHEAP INC
Domain Status: clientTransferProhibited https://icann.org/epp#clientTransferProhibited
Domain Status: addPeriod https://icann.org/epp#addPeriod
Registry Registrant ID: 
Registrant Name: Withheld for Privacy Purposes
Registrant Organization: Privacy service provided by Withheld for Privacy ehf
Registrant Street: Kalkofnsvegur 2 
Registrant City: Reykjavik
Registrant State/Province: Capital Region
Registrant Postal Code: 101
Registrant Country: IS
Registrant Phone: +354.4212434
Registrant Phone Ext: 
Registrant Fax: 
Registrant Fax Ext: 
Registrant Email: 7f98b237684c413da611226ee6639fdb.protect@withheldforprivacy.com
Registry Admin ID: 
Admin Name: Withheld for Privacy Purposes
Admin Organization: Privacy service provided by Withheld for Privacy ehf
Admin Street: Kalkofnsvegur 2 
Admin City: Reykjavik
Admin State/Province: Capital Region
Admin Postal Code: 101
Admin Country: IS
Admin Phone: +354.4212434
Admin Phone Ext: 
Admin Fax: 
Admin Fax Ext: 
Admin Email: 7f98b237684c413da611226ee6639fdb.protect@withheldforprivacy.com
Registry Tech ID: 
Tech Name: Withheld for Privacy Purposes
Tech Organization: Privacy service provided by Withheld for Privacy ehf
Tech Street: Kalkofnsvegur 2 
Tech City: Reykjavik
Tech State/Province: Capital Region
Tech Postal Code: 101
Tech Country: IS
Tech Phone: +354.4212434
Tech Phone Ext: 
Tech Fax: 
Tech Fax Ext: 
Tech Email: 7f98b237684c413da611226ee6639fdb.protect@withheldforprivacy.com
Name Server: dns1.registrar-servers.com
Name Server: dns2.registrar-servers.com
DNSSEC: unsigned
URL of the ICANN WHOIS Data Problem Reporting System: http://wdprs.internic.net/
>>> Last update of WHOIS database: 2021-08-27T03:59:24.98Z <<<
For more information on Whois status codes, please visit https://icann.org/epp
