   Domain Name: HEAT.NET
   Registry Domain ID: 4878759_DOMAIN_NET-VRSN
   Registrar WHOIS Server: whois.godaddy.com
   Registrar URL: http://www.godaddy.com
   Updated Date: 2021-02-05T21:18:49Z
   Creation Date: 1997-02-03T05:00:00Z
   Registry Expiry Date: 2022-02-04T05:00:00Z
   Registrar: GoDaddy.com, LLC
   Registrar IANA ID: 146
   Registrar Abuse Contact Email: abuse@godaddy.com
   Registrar Abuse Contact Phone: 480-624-2505
   Domain Status: clientDeleteProhibited https://icann.org/epp#clientDeleteProhibited
   Domain Status: clientRenewProhibited https://icann.org/epp#clientRenewProhibited
   Domain Status: clientTransferProhibited https://icann.org/epp#clientTransferProhibited
   Domain Status: clientUpdateProhibited https://icann.org/epp#clientUpdateProhibited
   Name Server: NS1.HEAT.NET
   Name Server: NS2.HEAT.NET
   DNSSEC: unsigned
   URL of the ICANN Whois Inaccuracy Complaint Form: https://www.icann.org/wicf/
>>> Last update of whois database: 2021-08-27T20:02:19Z <<<

For more information on Whois status codes, please visit https://icann.org/epp

NOTICE: The expiration date displayed in this record is the date the
registrar's sponsorship of the domain name registration in the registry is
currently set to expire. This date does not necessarily reflect the expiration
date of the domain name registrant's agreement with the sponsoring
registrar.  Users may consult the sponsoring registrar's Whois database to
view the registrar's reported date of expiration for this registration.

TERMS OF USE: You are not authorized to access or query our Whois
database through the use of electronic processes that are high-volume and
automated except as reasonably necessary to register domain names or
modify existing registrations; the Data in VeriSign Global Registry
Services' ("VeriSign") Whois database is provided by VeriSign for
information purposes only, and to assist persons in obtaining information
about or related to a domain name registration record. VeriSign does not
guarantee its accuracy. By submitting a Whois query, you agree to abide
by the following terms of use: You agree that you may use this Data only
for lawful purposes and that under no circumstances will you use this Data
to: (1) allow, enable, or otherwise support the transmission of mass
unsolicited, commercial advertising or solicitations via e-mail, telephone,
or facsimile; or (2) enable high volume, automated, electronic processes
that apply to VeriSign (or its computer systems). The compilation,
repackaging, dissemination or other use of this Data is expressly
prohibited without the prior written consent of VeriSign. You agree not to
use electronic processes that are automated and high-volume to access or
query the Whois database except as reasonably necessary to register
domain names or modify existing registrations. VeriSign reserves the right
to restrict your access to the Whois database in its sole discretion to ensure
operational stability.  VeriSign may restrict or terminate your access to the
Whois database for failure to abide by these terms of use. VeriSign
reserves the right to modify these terms at any time.

The Registry database contains ONLY .COM, .NET, .EDU domains and
Registrars.
Domain Name: HEAT.NET
Registry Domain ID: 4878759_DOMAIN_NET-VRSN
Registrar WHOIS Server: whois.godaddy.com
Registrar URL: http://www.godaddy.com
Updated Date: 2021-02-05T14:18:48Z
Creation Date: 1997-02-03T00:00:00Z
Registrar Registration Expiration Date: 2022-02-04T00:00:00Z
Registrar: GoDaddy.com, LLC
Registrar IANA ID: 146
Registrar Abuse Contact Email: abuse@godaddy.com
Registrar Abuse Contact Phone: +1.4806242505
Domain Status: clientTransferProhibited http://www.icann.org/epp#clientTransferProhibited
Domain Status: clientUpdateProhibited http://www.icann.org/epp#clientUpdateProhibited
Domain Status: clientRenewProhibited http://www.icann.org/epp#clientRenewProhibited
Domain Status: clientDeleteProhibited http://www.icann.org/epp#clientDeleteProhibited
Registrant Organization: VSS, LLC.
Registrant State/Province: FL
Registrant Country: US
Registrant Email: Select Contact Domain Holder link at https://www.godaddy.com/whois/results.aspx?domain=HEAT.NET
Tech Email: Select Contact Domain Holder link at https://www.godaddy.com/whois/results.aspx?domain=HEAT.NET
Admin Email: Select Contact Domain Holder link at https://www.godaddy.com/whois/results.aspx?domain=HEAT.NET
Name Server: NS1.HEAT.NET
Name Server: NS2.HEAT.NET
DNSSEC: unsigned
URL of the ICANN WHOIS Data Problem Reporting System: http://wdprs.internic.net/
>>> Last update of WHOIS database: 2021-08-27T20:02:26Z <<<

For more information on Whois status codes, please visit https://www.icann.org/resources/pages/epp-status-codes-2014-06-16-en

TERMS OF USE: The data contained in this registrar's Whois database, while believed by the
registrar to be reliable, is provided "as is" with no guarantee or warranties regarding its
accuracy. This information is provided for the sole purpose of assisting you in obtaining
information about domain name registration records. Any use of this data for any other purpose
is expressly forbidden without the prior written permission of this registrar. By submitting
an inquiry, you agree to these terms and limitations of warranty. In particular, you agree not
to use this data to allow, enable, or otherwise support the dissemination or collection of this
data, in part or in its entirety, for any purpose, such as transmission by e-mail, telephone,
postal mail, facsimile or other means of mass unsolicited, commercial advertising or solicitations
of any kind, including spam. You further agree not to use this data to enable high volume, automated
or robotic electronic processes designed to collect or compile this data for any purpose, including
mining this data for your own personal or commercial purposes. Failure to comply with these terms
may result in termination of access to the Whois database. These terms may be subject to modification
at any time without notice.
