- Nikto v2.1.6
---------------------------------------------------------------------------
+ Target IP:          10.10.232.98
+ Target Hostname:    10.10.232.98
+ Target Port:        80
+ Start Time:         2021-07-27 15:22:45 (GMT4)
---------------------------------------------------------------------------
+ Server: Apache/2.4.7 (Ubuntu)
+ Server leaks inodes via ETags, header found with file /, fields: 0xbd1 0x5ae57bb9a1192 
+ The anti-clickjacking X-Frame-Options header is not present.
+ The X-XSS-Protection header is not defined. This header can hint to the user agent to protect against some forms of XSS
+ The X-Content-Type-Options header is not set. This could allow the user agent to render the content of the site in a different fashion to the MIME type
+ Apache/2.4.7 appears to be outdated (current is at least Apache/2.4.12). Apache 2.0.65 (final release) and 2.2.29 are also current.
+ Uncommon header 'nikto-added-cve-2014-6278' found, with contents: true
+ OSVDB-112004: /cgi-bin/test.cgi: Site appears vulnerable to the 'shellshock' vulnerability (http://cve.mitre.org/cgi-bin/cvename.cgi?name=CVE-2014-6271).
+ OSVDB-112004: /cgi-bin/test.cgi: Site appears vulnerable to the 'shellshock' vulnerability (http://cve.mitre.org/cgi-bin/cvename.cgi?name=CVE-2014-6278).
+ Allowed HTTP Methods: GET, HEAD, POST, OPTIONS 
+ OSVDB-3092: /admin/: This might be interesting...
+ OSVDB-3092: /backup/: This might be interesting...
+ OSVDB-3268: /img/: Directory indexing found.
+ OSVDB-3092: /img/: This might be interesting...
+ OSVDB-3092: /secret/: This might be interesting...
+ OSVDB-3092: /cgi-bin/test.cgi: This might be interesting...
+ OSVDB-3233: /icons/README: Apache default file found.
