# Nmap 7.91 scan initiated Tue Jul 27 17:52:38 2021 as: nmap -v -sC -sV -A -v -oN nmap/initial.log 10.10.175.112
Nmap scan report for 10.10.132.67
Host is up, received conn-refused (0.15s latency).
Scanned at 2021-07-27 17:52:39 +04 for 19s

PORT      STATE SERVICE REASON  VERSION
111/tcp   open  rpcbind syn-ack 2-4 (RPC #100000)
| rpcinfo:
|   program version    port/proto  service
|   100000  2,3,4        111/tcp   rpcbind
|   100000  2,3,4        111/udp   rpcbind
|   100000  3,4          111/tcp6  rpcbind
|   100000  3,4          111/udp6  rpcbind
|   100024  1          41160/udp   status
|   100024  1          50099/udp6  status
|   100024  1          56464/tcp   status
|_  100024  1          59684/tcp6  status
2222/tcp  open  ssh     syn-ack OpenSSH 6.7p1 Debian 5+deb8u8 (protocol 2.0)
| ssh-hostkey:
|   1024 b0:ce:c9:21:65:89:94:52:76:48:ce:d8:c8:fc:d4:ec (DSA)
| ssh-dss AAAAB3NzaC1kc3MAAACBALOlP9Bx9VQxs4JDY8vovlJp+l+pPX2MGttzN2gGNYABXAVSF9CA14OituA5tcJd5/Nv3Ru3Xyu8Yo5SV0d82rd7L/NF5Relx+iiVF+bigo329wbV3wsIrRQGUYHXiMjAs8WqQR+XKjOm3q4QLVxe/jU1I1ddy6/xO4fL7nOSh3RAAAAFQDKuQDe9pQtmnqvJkZ7QuCGm31+vQAAAIBENh/MS3oHvz1tCC4nZYwdAYZMBj2It0gYCMvD0oSkqL9IMaP9DIt/5G3D9ARrZPeSP4CqhfryIGHS7t59RNdnc3ukEsfJPo23bPBwWdIW7HXp9XDqyY1kD6L3Tq0bpeXpeXt6FQ93rFxncZngFkCrMD4+YytS532qPHMPOWh75gAAAIA7TohVech8kWTh6KIMl2Y61s9cwUqwrTkqJIYMdZ73nP69FD0bw08vyrdAwtVnsqRaNzsVVz9sBOOz3wmp/ZNI5NiuyA0UwEcxPj5k6jCn620gBpMEzVy6a8Ih3yRYHoiVMrQ/PIuoeIGxeYGckCorv8jSz2O3pq1Fnz23FRPH2A==
|   2048 7e:86:88:fe:42:4e:94:48:0a:aa:da:ab:34:61:3c:6e (RSA)
| ssh-rsa AAAAB3NzaC1yc2EAAAADAQABAAABAQCbBmLBPg9mxkAdEbJGnz0v6Jzo4qdBcajkaIBKewKyz6OQTvyhVcDReSB2Dz0nl4mPCs3UN58hSNStCYXjZcpIBpqz2pHupVlqQ7u41Vo2W8u0nVFLt2U8JhTtA9wE6MA9GhitkN3Qorhxb3klCpSnWCDdcmkdNL0EYxZV53A52VWiNGX3vYkdMAKHAmp/VHvrsIeHozqflL8vD2UIoDmxDJwgXJRsr2iGVU1fL/Bu/DwlPwJkm50ua99yPpZbvCS9EwWki76aEtZSbcM4WHzx33Oe3tLXLCfKc9CJdIW35nBvpe5Dxl7gLR/mCHp2iTpdx1FmpSf+JjO/m2vKwL4X
|   256 04:1c:82:f6:a6:74:53:c9:c4:6f:25:37:4c:bf:8b:a8 (ECDSA)
| ecdsa-sha2-nistp256 AAAAE2VjZHNhLXNoYTItbmlzdHAyNTYAAAAIbmlzdHAyNTYAAABBBHufHfqIZHVEKYC/yyNS+vTt35iULiIWoFNSQP/Bm/v90QzZjsYU9MSt7xdlR/2LZp9VWk32nl5JL65tvCMImxc=
|   256 49:4b:dc:e6:04:07:b6:d5:ab:c0:b0:a3:42:8e:87:b5 (ED25519)
|_ssh-ed25519 AAAAC3NzaC1lZDI1NTE5AAAAIJEYHtE8GbpGSlNB+/3IWfYRFrkJB+N9SmKs3Uh14pPj
8086/tcp  open  http    syn-ack InfluxDB http admin 1.3.0
|_http-title: Site doesn't have a title (text/plain; charset=utf-8).
56464/tcp open  status  syn-ack 1 (RPC #100024)
Service Info: OS: Linux; CPE: cpe:/o:linux:linux_kernel

Read data files from: /usr/local/bin/../share/nmap
Service detection performed. Please report any incorrect results at https://nmap.org/submit/ .
# Nmap done at Tue Jul 27 17:52:58 2021 -- 1 IP address (1 host up) scanned in 20.28 seconds
