# Nmap 7.91 scan initiated Fri Aug 20 13:36:15 2021 as: nmap -vvv -p 53,80,88,135,139,389,445,464,593,636,5985,47001,49665,49666,49664,49672,49669,49675,49676,49679,49684,49696,49818 -sC -sV -A -v -oN nmap/initial.log 10.10.252.205
Nmap scan report for 10.10.252.205
Host is up, received reset ttl 127 (0.15s latency).
Scanned at 2021-08-20 13:36:15 EDT for 73s

PORT      STATE SERVICE       REASON          VERSION
53/tcp    open  domain        syn-ack ttl 127 Simple DNS Plus
80/tcp    open  http          syn-ack ttl 127 Microsoft IIS httpd 10.0
| http-methods: 
|   Supported Methods: OPTIONS TRACE GET HEAD POST
|_  Potentially risky methods: TRACE
|_http-server-header: Microsoft-IIS/10.0
|_http-title: IIS Windows Server
88/tcp    open  kerberos-sec  syn-ack ttl 127 Microsoft Windows Kerberos (server time: 2021-08-20 17:36:25Z)
135/tcp   open  msrpc         syn-ack ttl 127 Microsoft Windows RPC
139/tcp   open  netbios-ssn   syn-ack ttl 127 Microsoft Windows netbios-ssn
389/tcp   open  ldap          syn-ack ttl 127 Microsoft Windows Active Directory LDAP (Domain: spookysec.local0., Site: Default-First-Site-Name)
445/tcp   open  microsoft-ds? syn-ack ttl 127
464/tcp   open  kpasswd5?     syn-ack ttl 127
593/tcp   open  ncacn_http    syn-ack ttl 127 Microsoft Windows RPC over HTTP 1.0
636/tcp   open  tcpwrapped    syn-ack ttl 127
5985/tcp  open  http          syn-ack ttl 127 Microsoft HTTPAPI httpd 2.0 (SSDP/UPnP)
|_http-server-header: Microsoft-HTTPAPI/2.0
|_http-title: Not Found
47001/tcp open  http          syn-ack ttl 127 Microsoft HTTPAPI httpd 2.0 (SSDP/UPnP)
|_http-server-header: Microsoft-HTTPAPI/2.0
|_http-title: Not Found
49664/tcp open  msrpc         syn-ack ttl 127 Microsoft Windows RPC
49665/tcp open  msrpc         syn-ack ttl 127 Microsoft Windows RPC
49666/tcp open  msrpc         syn-ack ttl 127 Microsoft Windows RPC
49669/tcp open  msrpc         syn-ack ttl 127 Microsoft Windows RPC
49672/tcp open  msrpc         syn-ack ttl 127 Microsoft Windows RPC
49675/tcp open  ncacn_http    syn-ack ttl 127 Microsoft Windows RPC over HTTP 1.0
49676/tcp open  msrpc         syn-ack ttl 127 Microsoft Windows RPC
49679/tcp open  msrpc         syn-ack ttl 127 Microsoft Windows RPC
49684/tcp open  msrpc         syn-ack ttl 127 Microsoft Windows RPC
49696/tcp open  msrpc         syn-ack ttl 127 Microsoft Windows RPC
49818/tcp open  msrpc         syn-ack ttl 127 Microsoft Windows RPC
Warning: OSScan results may be unreliable because we could not find at least 1 open and 1 closed port
OS fingerprint not ideal because: Missing a closed TCP port so results incomplete
Aggressive OS guesses: Microsoft Windows 10 1709 - 1909 (93%), Microsoft Windows Server 2012 (93%), Microsoft Windows Vista SP1 (92%), Microsoft Windows Longhorn (92%), Microsoft Windows 10 1709 - 1803 (91%), Microsoft Windows 10 1809 - 1909 (91%), Microsoft Windows Server 2012 R2 (91%), Microsoft Windows Server 2012 R2 Update 1 (91%), Microsoft Windows Server 2016 build 10586 - 14393 (91%), Microsoft Windows 7, Windows Server 2012, or Windows 8.1 Update 1 (91%)
No exact OS matches for host (test conditions non-ideal).
TCP/IP fingerprint:
SCAN(V=7.91%E=4%D=8/20%OT=53%CT=%CU=39664%PV=Y%DS=2%DC=T%G=N%TM=611FE858%P=x86_64-pc-linux-gnu)
SEQ(SP=105%GCD=1%ISR=10B%TI=I%CI=I%II=I%SS=S%TS=U)
SEQ(SP=105%GCD=1%ISR=10B%TI=I%CI=I%II=I%TS=U)
OPS(O1=M506NW8NNS%O2=M506NW8NNS%O3=M506NW8%O4=M506NW8NNS%O5=M506NW8NNS%O6=M506NNS)
WIN(W1=FFFF%W2=FFFF%W3=FFFF%W4=FFFF%W5=FFFF%W6=FF70)
ECN(R=Y%DF=Y%T=80%W=FFFF%O=M506NW8NNS%CC=Y%Q=)
T1(R=Y%DF=Y%T=80%S=O%A=S+%F=AS%RD=0%Q=)
T2(R=Y%DF=Y%T=80%W=0%S=Z%A=S%F=AR%O=%RD=0%Q=)
T3(R=Y%DF=Y%T=80%W=0%S=Z%A=O%F=AR%O=%RD=0%Q=)
T4(R=Y%DF=Y%T=80%W=0%S=A%A=O%F=R%O=%RD=0%Q=)
T5(R=Y%DF=Y%T=80%W=0%S=Z%A=S+%F=AR%O=%RD=0%Q=)
T6(R=Y%DF=Y%T=80%W=0%S=A%A=O%F=R%O=%RD=0%Q=)
T7(R=Y%DF=Y%T=80%W=0%S=Z%A=S+%F=AR%O=%RD=0%Q=)
U1(R=Y%DF=N%T=80%IPL=164%UN=0%RIPL=G%RID=G%RIPCK=G%RUCK=G%RUD=G)
IE(R=Y%DFI=N%T=80%CD=Z)

Network Distance: 2 hops
TCP Sequence Prediction: Difficulty=261 (Good luck!)
IP ID Sequence Generation: Incremental
Service Info: Host: ATTACKTIVEDIREC; OS: Windows; CPE: cpe:/o:microsoft:windows

Host script results:
|_clock-skew: 1s
| p2p-conficker: 
|   Checking for Conficker.C or higher...
|   Check 1 (port 33284/tcp): CLEAN (Couldn't connect)
|   Check 2 (port 58769/tcp): CLEAN (Couldn't connect)
|   Check 3 (port 44246/udp): CLEAN (Timeout)
|   Check 4 (port 35784/udp): CLEAN (Failed to receive data)
|_  0/4 checks are positive: Host is CLEAN or ports are blocked
| smb2-security-mode: 
|   2.02: 
|_    Message signing enabled and required
| smb2-time: 
|   date: 2021-08-20T17:37:24
|_  start_date: N/A

TRACEROUTE (using port 443/tcp)
HOP RTT       ADDRESS
1   140.28 ms 10.9.0.1
2   153.20 ms 10.10.252.205

Read data files from: /usr/bin/../share/nmap
OS and Service detection performed. Please report any incorrect results at https://nmap.org/submit/ .
# Nmap done at Fri Aug 20 13:37:28 2021 -- 1 IP address (1 host up) scanned in 73.25 seconds
